2025-03-23 15:59:13,459 - INFO - Model training script started.
2025-03-23 15:59:13,470 - INFO - Processing partition: v1
2025-03-23 15:59:13,492 - INFO - Pulling dataset v1 from DVC...
2025-03-23 15:59:21,263 - INFO - Loading datasets...
2025-03-23 15:59:22,980 - INFO - Starting hyperparameter tuning...
2025-03-23 15:59:24,423 - WARNING - From C:\Users\niksh\Desktop\DA5402-Assign-5\venv\Lib\site-packages\keras\src\backend\common\global_state.py:82: The name tf.reset_default_graph is deprecated. Please use tf.compat.v1.reset_default_graph instead.

2025-03-23 16:11:11,141 - INFO - Training the best model...
2025-03-23 16:18:27,118 - INFO - Evaluating the best model on the test dataset...
2025-03-23 16:18:30,926 - INFO - Confusion Matrix:
2025-03-23 16:18:30,926 - INFO - [[128   0  41  15   7  11   0   6  15  27]
 [  6 143  12   6   4  10   4   0  16  49]
 [  5   0 122  36  19  56   8   2   0   2]
 [  3   0  14 102   5 111   6   2   4   3]
 [  6   1  35  29 117  36  12  11   2   1]
 [  0   0  13  24   5 203   0   3   1   1]
 [  0   1  18  32   9  29 152   1   5   3]
 [  3   1  13   9  23  63   1 129   3   5]
 [ 31   9  17   8   2  10   0   2 156  15]
 [  4   8   6  11   2  19   0   8   8 184]]
2025-03-23 16:18:30,949 - INFO - Classification Report:
2025-03-23 16:18:30,949 - INFO - {'airplane': {'precision': 0.6881720430107527, 'recall': 0.512, 'f1-score': 0.5871559633027523, 'support': 250.0}, 'automobile': {'precision': 0.8773006134969326, 'recall': 0.572, 'f1-score': 0.6924939467312349, 'support': 250.0}, 'bird': {'precision': 0.41924398625429554, 'recall': 0.488, 'f1-score': 0.4510166358595194, 'support': 250.0}, 'cat': {'precision': 0.375, 'recall': 0.408, 'f1-score': 0.39080459770114945, 'support': 250.0}, 'deer': {'precision': 0.6062176165803109, 'recall': 0.468, 'f1-score': 0.5282167042889391, 'support': 250.0}, 'dog': {'precision': 0.3704379562043796, 'recall': 0.812, 'f1-score': 0.5087719298245614, 'support': 250.0}, 'frog': {'precision': 0.8306010928961749, 'recall': 0.608, 'f1-score': 0.7020785219399538, 'support': 250.0}, 'horse': {'precision': 0.7865853658536586, 'recall': 0.516, 'f1-score': 0.6231884057971014, 'support': 250.0}, 'ship': {'precision': 0.7428571428571429, 'recall': 0.624, 'f1-score': 0.6782608695652174, 'support': 250.0}, 'truck': {'precision': 0.6344827586206897, 'recall': 0.736, 'f1-score': 0.6814814814814815, 'support': 250.0}, 'accuracy': 0.5744, 'macro avg': {'precision': 0.6330898575774337, 'recall': 0.5744, 'f1-score': 0.584346905649191, 'support': 2500.0}, 'weighted avg': {'precision': 0.6330898575774336, 'recall': 0.5744, 'f1-score': 0.584346905649191, 'support': 2500.0}}
2025-03-23 16:18:31,437 - INFO - Model saved to 'models/tuned_model_v1_seed42.keras'.
2025-03-23 16:18:31,443 - INFO - Evaluation report saved to 'reports/evaluation_report_v1_seed42.json'.
2025-03-23 16:18:31,473 - INFO - Processing partition: v2
2025-03-23 16:18:31,473 - INFO - Pulling dataset v2 from DVC...
2025-03-23 16:18:40,189 - INFO - Loading datasets...
2025-03-23 16:18:42,538 - INFO - Starting hyperparameter tuning...
2025-03-23 16:36:27,006 - INFO - Training the best model...
2025-03-23 16:49:16,681 - INFO - Evaluating the best model on the test dataset...
2025-03-23 16:49:22,482 - INFO - Confusion Matrix:
2025-03-23 16:49:22,482 - INFO - [[156   8   7   5   0   1   1   1  63   8]
 [ 13 185   0   2   1   1   0   0  13  35]
 [ 44   4  84  28  27  18   6   7  25   7]
 [ 24   5   5 128  13  34  11   3  20   7]
 [ 31   3  10  21 136   2   9   6  24   8]
 [ 12   3  13  90  12  88   3  13   9   7]
 [  4  11  12  42  20   8 119   3  20  11]
 [ 19   3   6  12  33   3   0 144  10  20]
 [ 13   6   3   0   0   0   0   0 223   5]
 [  8  23   0   0   0   2   0   1  19 197]]
2025-03-23 16:49:22,540 - INFO - Classification Report:
2025-03-23 16:49:22,540 - INFO - {'airplane': {'precision': 0.48148148148148145, 'recall': 0.624, 'f1-score': 0.5435540069686411, 'support': 250.0}, 'automobile': {'precision': 0.7370517928286853, 'recall': 0.74, 'f1-score': 0.7385229540918163, 'support': 250.0}, 'bird': {'precision': 0.6, 'recall': 0.336, 'f1-score': 0.4307692307692308, 'support': 250.0}, 'cat': {'precision': 0.3902439024390244, 'recall': 0.512, 'f1-score': 0.4429065743944637, 'support': 250.0}, 'deer': {'precision': 0.5619834710743802, 'recall': 0.544, 'f1-score': 0.5528455284552846, 'support': 250.0}, 'dog': {'precision': 0.5605095541401274, 'recall': 0.352, 'f1-score': 0.43243243243243246, 'support': 250.0}, 'frog': {'precision': 0.7986577181208053, 'recall': 0.476, 'f1-score': 0.5964912280701754, 'support': 250.0}, 'horse': {'precision': 0.8089887640449438, 'recall': 0.576, 'f1-score': 0.6728971962616822, 'support': 250.0}, 'ship': {'precision': 0.5234741784037559, 'recall': 0.892, 'f1-score': 0.6597633136094675, 'support': 250.0}, 'truck': {'precision': 0.6459016393442623, 'recall': 0.788, 'f1-score': 0.7099099099099099, 'support': 250.0}, 'accuracy': 0.584, 'macro avg': {'precision': 0.6108292501877466, 'recall': 0.5840000000000001, 'f1-score': 0.5780092374963103, 'support': 2500.0}, 'weighted avg': {'precision': 0.6108292501877467, 'recall': 0.584, 'f1-score': 0.5780092374963104, 'support': 2500.0}}
2025-03-23 16:49:23,212 - INFO - Model saved to 'models/tuned_model_v2_seed42.keras'.
2025-03-23 16:49:23,222 - INFO - Evaluation report saved to 'reports/evaluation_report_v2_seed42.json'.
2025-03-23 16:49:23,309 - INFO - Processing partition: v3
2025-03-23 16:49:23,309 - INFO - Pulling dataset v3 from DVC...
2025-03-23 16:49:30,787 - INFO - Loading datasets...
2025-03-23 16:49:32,896 - INFO - Starting hyperparameter tuning...
