2025-03-23 12:16:27,176 - INFO - Model training script started.
2025-03-23 12:16:30,395 - INFO - Loading datasets...
2025-03-23 12:17:39,523 - INFO - Loading datasets...
2025-03-23 12:17:46,804 - INFO - Starting hyperparameter tuning...
2025-03-23 12:17:49,964 - WARNING - From C:\Users\niksh\Desktop\DA5402-Assign-5\venv\Lib\site-packages\keras\src\backend\common\global_state.py:82: The name tf.reset_default_graph is deprecated. Please use tf.compat.v1.reset_default_graph instead.

2025-03-23 12:17:51,015 - INFO - Training the best model...
2025-03-23 12:45:59,081 - INFO - Evaluating the best model on the test dataset...
2025-03-23 12:46:08,740 - INFO - Confusion Matrix:
2025-03-23 12:46:08,740 - INFO - [[358   8  12  13  20  18   5   3  23  12]
 [  5 434   3  10   3   5  10   1  11  41]
 [ 43   0 216  24  54  91  19  10   2   1]
 [ 10   3  10 261  24 187  15   8   2   3]
 [  8   0   8  29 375  45  13  26   2   2]
 [  3   1   7  74  11 376  16  15   0   1]
 [  6   1   8  18  16  39 376   2   1   0]
 [  3   1   3  22  39  46   2 388   1   4]
 [ 47   5   5  20  14   9   5   1 405  12]
 [ 15  31   2  11   9  16   3   7  15 402]]
2025-03-23 12:46:08,763 - INFO - Classification Report:
2025-03-23 12:46:08,764 - INFO -               precision    recall  f1-score   support

    airplane       0.72      0.76      0.74       472
  automobile       0.90      0.83      0.86       523
        bird       0.79      0.47      0.59       460
         cat       0.54      0.50      0.52       523
        deer       0.66      0.74      0.70       508
         dog       0.45      0.75      0.56       504
        frog       0.81      0.81      0.81       467
       horse       0.84      0.76      0.80       509
        ship       0.88      0.77      0.82       523
       truck       0.84      0.79      0.81       511

    accuracy                           0.72      5000
   macro avg       0.74      0.72      0.72      5000
weighted avg       0.74      0.72      0.72      5000

2025-03-23 12:46:09,314 - INFO - Model training complete. Best model saved to 'models/tuned_model_task3_1.0_42.keras'.
